<?xml version="1.0" encoding="UTF-8"?>
<coverage generated="1788874174385" clover="3.2.0">
  <project timestamp="1788874174385" name="All files">
    <metrics statements="7" coveredstatements="7" conditionals="6" coveredconditionals="6" methods="4" coveredmethods="4" elements="17" coveredelements="17" complexity="0" loc="7" ncloc="7" packages="2" files="2" classes="2"/>
    <package name="AccommodationCard">
      <metrics statements="1" coveredstatements="1" conditionals="0" coveredconditionals="0" methods="1" coveredmethods="1"/>
      <file name="AccommodationCard.tsx" path="C:\Users\kevin\Documents\DRIVE_PERSO\5_INFORMATIQUE\Formation_Testeur_OC\Projets\Projet_8\kasa\frontend\src\components\AccommodationCard\AccommodationCard.tsx">
        <metrics statements="1" coveredstatements="1" conditionals="0" coveredconditionals="0" methods="1" coveredmethods="1"/>
        <line num="15" count="3" type="stmt"/>
      </file>
    </package>
    <package name="Accordion">
      <metrics statements="6" coveredstatements="6" conditionals="6" coveredconditionals="6" methods="3" coveredmethods="3"/>
      <file name="Accordion.tsx" path="C:\Users\kevin\Documents\DRIVE_PERSO\5_INFORMATIQUE\Formation_Testeur_OC\Projets\Projet_8\kasa\frontend\src\components\Accordion\Accordion.tsx">
        <metrics statements="6" coveredstatements="6" conditionals="6" coveredconditionals="6" methods="3" coveredmethods="3"/>
        <line num="5" count="9" type="stmt"/>
        <line num="7" count="9" type="stmt"/>
        <line num="8" count="9" type="stmt"/>
        <line num="10" count="9" type="stmt"/>
        <line num="17" count="4" type="stmt"/>
        <line num="27" count="5" type="stmt"/>
      </file>
    </package>
  </project>
</coverage>
