{"C:\\Users\\kevin\\Documents\\DRIVE_PERSO\\5_INFORMATIQUE\\Formation_Testeur_OC\\Projets\\Projet_8\\kasa\\frontend\\src\\components\\AccommodationCard\\AccommodationCard.tsx": {"path":"C:\\Users\\kevin\\Documents\\DRIVE_PERSO\\5_INFORMATIQUE\\Formation_Testeur_OC\\Projets\\Projet_8\\kasa\\frontend\\src\\components\\AccommodationCard\\AccommodationCard.tsx","statementMap":{"0":{"start":{"line":15,"column":8},"end":{"line":19,"column":null}}},"fnMap":{"0":{"name":"AccommodationCard","decl":{"start":{"line":4,"column":9},"end":{"line":4,"column":null}},"loc":{"start":{"line":14,"column":7},"end":{"line":21,"column":null}},"line":14}},"branchMap":{},"s":{"0":3},"f":{"0":3},"b":{},"meta":{"lastBranch":0,"lastFunction":1,"lastStatement":1,"seen":{"f:4:9:4:Infinity":0,"s:15:8:19:Infinity":0},"fnNames":{}}}
,"C:\\Users\\kevin\\Documents\\DRIVE_PERSO\\5_INFORMATIQUE\\Formation_Testeur_OC\\Projets\\Projet_8\\kasa\\frontend\\src\\components\\Accordion\\Accordion.tsx": {"path":"C:\\Users\\kevin\\Documents\\DRIVE_PERSO\\5_INFORMATIQUE\\Formation_Testeur_OC\\Projets\\Projet_8\\kasa\\frontend\\src\\components\\Accordion\\Accordion.tsx","statementMap":{"0":{"start":{"line":5,"column":32},"end":{"line":5,"column":null}},"1":{"start":{"line":7,"column":23},"end":{"line":7,"column":null}},"2":{"start":{"line":8,"column":22},"end":{"line":8,"column":null}},"3":{"start":{"line":10,"column":4},"end":{"line":33,"column":null}},"4":{"start":{"line":17,"column":40},"end":{"line":17,"column":null}},"5":{"start":{"line":27,"column":32},"end":{"line":27,"column":null}}},"fnMap":{"0":{"name":"Accordion","decl":{"start":{"line":4,"column":9},"end":{"line":4,"column":21}},"loc":{"start":{"line":4,"column":80},"end":{"line":36,"column":null}},"line":4},"1":{"name":"(anonymous_1)","decl":{"start":{"line":17,"column":24},"end":{"line":17,"column":40}},"loc":{"start":{"line":17,"column":40},"end":{"line":17,"column":null}},"line":17},"2":{"name":"(anonymous_2)","decl":{"start":{"line":25,"column":34},"end":{"line":25,"column":null}},"loc":{"start":{"line":27,"column":32},"end":{"line":27,"column":null}},"line":27}},"branchMap":{"0":{"loc":{"start":{"line":18,"column":36},"end":{"line":18,"column":null}},"type":"cond-expr","locations":[{"start":{"line":18,"column":45},"end":{"line":18,"column":68}},{"start":{"line":18,"column":68},"end":{"line":18,"column":null}}],"line":18},"1":{"loc":{"start":{"line":20,"column":25},"end":{"line":20,"column":null}},"type":"cond-expr","locations":[{"start":{"line":20,"column":34},"end":{"line":20,"column":46}},{"start":{"line":20,"column":46},"end":{"line":20,"column":null}}],"line":20},"2":{"loc":{"start":{"line":23,"column":18},"end":{"line":32,"column":null}},"type":"binary-expr","locations":[{"start":{"line":23,"column":18},"end":{"line":23,"column":null}},{"start":{"line":24,"column":20},"end":{"line":32,"column":null}}],"line":23}},"s":{"0":9,"1":9,"2":9,"3":9,"4":4,"5":5},"f":{"0":9,"1":4,"2":5},"b":{"0":[3,6],"1":[3,6],"2":[9,3]},"meta":{"lastBranch":3,"lastFunction":3,"lastStatement":6,"seen":{"f:4:9:4:21":0,"s:5:32:5:Infinity":0,"s:7:23:7:Infinity":1,"s:8:22:8:Infinity":2,"s:10:4:33:Infinity":3,"f:17:24:17:40":1,"s:17:40:17:Infinity":4,"b:18:45:18:68:18:68:18:Infinity":0,"b:20:34:20:46:20:46:20:Infinity":1,"b:23:18:23:Infinity:24:20:32:Infinity":2,"f:25:34:25:Infinity":2,"s:27:32:27:Infinity":5},"fnNames":{}}}
}
